<?xml version="1.0" encoding="UTF-8"?>
<!-- Generated by org.testng.reporters.JUnitReportReporter -->
<testsuite skipped="0" hostname="win7-PC" name="test.FacebookLoginTest" tests="1" failures="0" timestamp="17 Sep 2018 04:23:45 GMT" time="17.018" errors="0">
  <testcase name="facebookLoginTest" time="17.018" classname="test.FacebookLoginTest"/>
</testsuite> <!-- test.FacebookLoginTest -->
