<?xml version="1.0" encoding="UTF-8"?>
<!-- Generated by org.testng.reporters.JUnitReportReporter -->
<testsuite skipped="0" hostname="win7-PC" name="test.GmailUserTest" tests="1" failures="0" timestamp="23 Sep 2018 03:03:05 GMT" time="14.595" errors="0">
  <testcase name="gmailTest" time="14.595" classname="test.GmailUserTest"/>
</testsuite> <!-- test.GmailUserTest -->
